[14:26:12][liftinstall][INFO] yuzu installer
[14:26:12][liftinstall][INFO] Starting fresh install
[14:26:12][liftinstall][INFO] Existing install detected! Copying Trying to launch this install instead
[14:26:12][liftinstall][INFO] Launching Ok("C:\\Users\\Jose\\AppData\\Local\\yuzu\\maintenancetool.exe")
[14:26:12][liftinstall][INFO] yuzu installer
[14:26:15][liftinstall::self_update][INFO] Swapping installer from C:\Users\Jose\AppData\Local\yuzu\maintenancetool_new.exe to C:\Users\Jose\AppData\Local\yuzu\maintenancetool.exe
[14:26:15][liftinstall][INFO] yuzu installer
[14:26:18][liftinstall][INFO] Using pre-existing metadata file: "C:\\Users\\Jose\\AppData\\Local\\yuzu\\metadata.json"
[14:26:18][liftinstall::frontend::rest::server][INFO] Spawning server instance @ V6([::1]:57609)
[14:26:18][liftinstall::frontend::rest::server][INFO] Spawning server instance @ V4(127.0.0.1:57609)
[14:26:18][liftinstall::frontend::ui][INFO] Spawning web view instance
[14:26:19][liftinstall::frontend::js][INFO] Making HTTP request to /api/dark-mode
[14:26:19][liftinstall::frontend::js][INFO] Making HTTP request to /api/installation-status
[14:26:19][liftinstall::frontend::js][INFO] Vue started
[14:26:19][liftinstall::frontend::js][INFO] Making HTTP request to /api/config
[14:26:19][liftinstall::frontend::rest::services::config][INFO] Downloading configuration from "https://raw.githubusercontent.com/yuzu-emu/liftinstall/master/config.windows.v10.toml"...
[14:26:19][liftinstall::frontend::rest::services::config][INFO] Configuration file downloaded successfully.
[14:26:19][liftinstall::frontend::js][INFO] Making HTTP request to /api/check-auth
[14:26:19][liftinstall::frontend::rest::services::authentication][INFO] No passed in credential and no stored credentials to validate
[14:26:19][liftinstall::frontend::js][INFO] Next stop: "/modify"
[14:26:23][liftinstall::frontend::js][INFO] Installer kind: update
[14:26:23][liftinstall::frontend::js][INFO] Installing desktop shortcut: false
[14:26:23][liftinstall::frontend::js][INFO] Making streaming HTTP request to /api/start-install
[14:26:23][liftinstall::frontend::rest::services::install][INFO] Found installDesktopShortcut "false"
[14:26:23][liftinstall::installer][INFO] Framework: Installing ["yuzu"] to "C:\\Users\\Jose\\AppData\\Local\\yuzu"
[14:26:23][liftinstall::installer][INFO] Framework: Uninstalling [] additionally.
[14:26:23][liftinstall::installer][INFO] Dependency tree:
InstallTask
├── Pre EnsureOnlyInstanceTask
├── Pre VerifyInstallDirTask (with clean-install = false)
└── Pre InstallPackageTask (for "yuzu")
    ├── Pre DownloadPackageTask (for "yuzu")
    │   └── Pre CheckAuthorizationTask (for "yuzu")
    │       └── Pre ResolvePackageTask (for "yuzu")
    ├── Pre UninstallPackageTask (for "yuzu", optional = true)
    │   ├── Pre UninstallShortcutsTask (for "yuzu", optional = true)
    │   └── Post SaveDatabaseTask
    ├── Post InstallShortcutsTask (for "yuzu")
    ├── Post InstallDesktopShortcutTask (for "yuzu", should_run = false)
    └── Post SaveDatabaseTask
[14:26:23][liftinstall::tasks::resolver][INFO] Selected file: File { name: "yuzu-windows-msvc-20220620-fb371c816.tar.xz", url: "https://github.com/yuzu-emu/yuzu-mainline/releases/download/mainline-0-1060/yuzu-windows-msvc-20220620-fb371c816.tar.xz", requires_authorization: false }
[14:26:27][liftinstall::tasks::uninstall_shortcuts][INFO] Deleting shortcut "C:\\Users\\Jose\\AppData\\Roaming\\Microsoft\\Windows\\Start Menu\\Programs\\yuzu.lnk"
[14:26:27][liftinstall::tasks::uninstall_shortcuts][INFO] Deleting shortcut "C:\\Users\\Jose\\AppData\\Roaming\\Microsoft\\Windows\\Start Menu\\Programs\\yuzu.lnk"
[14:26:27][liftinstall::tasks::uninstall_shortcuts][ERROR] Failed to delete shortcut: Os { code: 2, kind: NotFound, message: "El sistema no puede encontrar el archivo especificado." }
[14:26:27][liftinstall::tasks::uninstall_pkg][INFO] Deleting "C:\\Users\\Jose\\AppData\\Local\\yuzu\\yuzu-windows-msvc/yuzu.exe"
[14:26:27][liftinstall::tasks::uninstall_pkg][INFO] Deleting "C:\\Users\\Jose\\AppData\\Local\\yuzu\\yuzu-windows-msvc/yuzu-windows-msvc-source-20220208-cd3dab492.tar.xz"
[14:26:27][liftinstall::tasks::uninstall_pkg][INFO] Deleting "C:\\Users\\Jose\\AppData\\Local\\yuzu\\yuzu-windows-msvc/yuzu-cmd.exe"
[14:26:27][liftinstall::tasks::uninstall_pkg][INFO] Deleting "C:\\Users\\Jose\\AppData\\Local\\yuzu\\yuzu-windows-msvc/swscale-5.dll"
[14:26:27][liftinstall::tasks::uninstall_pkg][INFO] Deleting "C:\\Users\\Jose\\AppData\\Local\\yuzu\\yuzu-windows-msvc/SDL2.dll"
[14:26:27][liftinstall::tasks::uninstall_pkg][INFO] Deleting "C:\\Users\\Jose\\AppData\\Local\\yuzu\\yuzu-windows-msvc/qtwebengine_resources_200p.pak"
[14:26:27][liftinstall::tasks::uninstall_pkg][INFO] Deleting "C:\\Users\\Jose\\AppData\\Local\\yuzu\\yuzu-windows-msvc/qtwebengine_resources_100p.pak"
[14:26:27][liftinstall::tasks::uninstall_pkg][INFO] Deleting "C:\\Users\\Jose\\AppData\\Local\\yuzu\\yuzu-windows-msvc/qtwebengine_resources.pak"
[14:26:27][liftinstall::tasks::uninstall_pkg][INFO] Deleting "C:\\Users\\Jose\\AppData\\Local\\yuzu\\yuzu-windows-msvc/qtwebengine_devtools_resources.pak"
[14:26:27][liftinstall::tasks::uninstall_pkg][INFO] Deleting "C:\\Users\\Jose\\AppData\\Local\\yuzu\\yuzu-windows-msvc/QtWebEngineProcess.exe"
[14:26:27][liftinstall::tasks::uninstall_pkg][INFO] Deleting "C:\\Users\\Jose\\AppData\\Local\\yuzu\\yuzu-windows-msvc/Qt5Widgets.dll"
[14:26:27][liftinstall::tasks::uninstall_pkg][INFO] Deleting "C:\\Users\\Jose\\AppData\\Local\\yuzu\\yuzu-windows-msvc/Qt5WebEngineWidgets.dll"
[14:26:27][liftinstall::tasks::uninstall_pkg][INFO] Deleting "C:\\Users\\Jose\\AppData\\Local\\yuzu\\yuzu-windows-msvc/Qt5WebEngineCore.dll"
[14:26:27][liftinstall::tasks::uninstall_pkg][INFO] Deleting "C:\\Users\\Jose\\AppData\\Local\\yuzu\\yuzu-windows-msvc/Qt5WebEngine.dll"
[14:26:27][liftinstall::tasks::uninstall_pkg][INFO] Deleting "C:\\Users\\Jose\\AppData\\Local\\yuzu\\yuzu-windows-msvc/Qt5WebChannel.dll"
[14:26:27][liftinstall::tasks::uninstall_pkg][INFO] Deleting "C:\\Users\\Jose\\AppData\\Local\\yuzu\\yuzu-windows-msvc/Qt5QuickWidgets.dll"
[14:26:27][liftinstall::tasks::uninstall_pkg][INFO] Deleting "C:\\Users\\Jose\\AppData\\Local\\yuzu\\yuzu-windows-msvc/Qt5Quick.dll"
[14:26:27][liftinstall::tasks::uninstall_pkg][INFO] Deleting "C:\\Users\\Jose\\AppData\\Local\\yuzu\\yuzu-windows-msvc/Qt5QmlModels.dll"
[14:26:27][liftinstall::tasks::uninstall_pkg][INFO] Deleting "C:\\Users\\Jose\\AppData\\Local\\yuzu\\yuzu-windows-msvc/Qt5Qml.dll"
[14:26:27][liftinstall::tasks::uninstall_pkg][INFO] Deleting "C:\\Users\\Jose\\AppData\\Local\\yuzu\\yuzu-windows-msvc/Qt5PrintSupport.dll"
[14:26:27][liftinstall::tasks::uninstall_pkg][INFO] Deleting "C:\\Users\\Jose\\AppData\\Local\\yuzu\\yuzu-windows-msvc/Qt5Positioning.dll"
[14:26:27][liftinstall::tasks::uninstall_pkg][INFO] Deleting "C:\\Users\\Jose\\AppData\\Local\\yuzu\\yuzu-windows-msvc/Qt5Network.dll"
[14:26:27][liftinstall::tasks::uninstall_pkg][INFO] Deleting "C:\\Users\\Jose\\AppData\\Local\\yuzu\\yuzu-windows-msvc/Qt5Gui.dll"
[14:26:27][liftinstall::tasks::uninstall_pkg][INFO] Deleting "C:\\Users\\Jose\\AppData\\Local\\yuzu\\yuzu-windows-msvc/Qt5Core.dll"
[14:26:27][liftinstall::tasks::uninstall_pkg][INFO] Deleting "C:\\Users\\Jose\\AppData\\Local\\yuzu\\yuzu-windows-msvc/qt.conf"
[14:26:27][liftinstall::tasks::uninstall_pkg][INFO] Deleting "C:\\Users\\Jose\\AppData\\Local\\yuzu\\yuzu-windows-msvc/plugins/styles/qwindowsvistastyle.dll"
[14:26:27][liftinstall::tasks::uninstall_pkg][INFO] Deleting "C:\\Users\\Jose\\AppData\\Local\\yuzu\\yuzu-windows-msvc/plugins/styles"
[14:26:27][liftinstall::tasks::uninstall_pkg][INFO] Deleting "C:\\Users\\Jose\\AppData\\Local\\yuzu\\yuzu-windows-msvc/plugins/platforms/qwindows.dll"
[14:26:27][liftinstall::tasks::uninstall_pkg][INFO] Deleting "C:\\Users\\Jose\\AppData\\Local\\yuzu\\yuzu-windows-msvc/plugins/platforms"
[14:26:27][liftinstall::tasks::uninstall_pkg][INFO] Deleting "C:\\Users\\Jose\\AppData\\Local\\yuzu\\yuzu-windows-msvc/plugins/imageformats/qjpeg.dll"
[14:26:27][liftinstall::tasks::uninstall_pkg][INFO] Deleting "C:\\Users\\Jose\\AppData\\Local\\yuzu\\yuzu-windows-msvc/plugins/imageformats/qgif.dll"
[14:26:27][liftinstall::tasks::uninstall_pkg][INFO] Deleting "C:\\Users\\Jose\\AppData\\Local\\yuzu\\yuzu-windows-msvc/plugins"
[14:26:27][liftinstall::tasks::uninstall_pkg][ERROR] Failed to delete file: Os { code: 145, kind: Other, message: "El directorio no está vacío." }
[14:26:27][liftinstall::tasks::uninstall_pkg][INFO] Deleting "C:\\Users\\Jose\\AppData\\Local\\yuzu\\yuzu-windows-msvc/plugins/imageformats"
[14:26:27][liftinstall::tasks::uninstall_pkg][INFO] Deleting "C:\\Users\\Jose\\AppData\\Local\\yuzu\\yuzu-windows-msvc/libwinpthread-1.dll"
[14:26:27][liftinstall::tasks::uninstall_pkg][INFO] Deleting "C:\\Users\\Jose\\AppData\\Local\\yuzu\\yuzu-windows-msvc/icudtl.dat"
[14:26:27][liftinstall::tasks::uninstall_pkg][INFO] Deleting "C:\\Users\\Jose\\AppData\\Local\\yuzu\\yuzu-windows-msvc/avutil-56.dll"
[14:26:27][liftinstall::tasks::uninstall_pkg][INFO] Deleting "C:\\Users\\Jose\\AppData\\Local\\yuzu\\yuzu-windows-msvc/avcodec-58.dll"
[14:26:27][liftinstall::tasks::uninstall_pkg][INFO] Deleting "C:\\Users\\Jose\\AppData\\Local\\yuzu\\yuzu-windows-msvc"
[14:26:27][liftinstall::tasks::uninstall_pkg][ERROR] Failed to delete file: Os { code: 145, kind: Other, message: "El directorio no está vacío." }
[14:26:34][liftinstall::tasks::install_pkg][INFO] Creating dir: "yuzu-windows-msvc"
[14:26:34][liftinstall::tasks::install_pkg][INFO] Creating file: "yuzu-windows-msvc/avcodec-58.dll"
[14:26:34][liftinstall::tasks::install_pkg][INFO] Creating file: "yuzu-windows-msvc/avutil-56.dll"
[14:26:34][liftinstall::tasks::install_pkg][INFO] Creating file: "yuzu-windows-msvc/icudtl.dat"
[14:26:34][liftinstall::tasks::install_pkg][INFO] Creating file: "yuzu-windows-msvc/libwinpthread-1.dll"
[14:26:34][liftinstall::tasks::install_pkg][INFO] Creating dir: "yuzu-windows-msvc/plugins/imageformats"
[14:26:34][liftinstall::tasks::install_pkg][INFO] Creating dir: "yuzu-windows-msvc/plugins"
[14:26:34][liftinstall::tasks::install_pkg][INFO] Creating file: "yuzu-windows-msvc/plugins/imageformats/qgif.dll"
[14:26:34][liftinstall::tasks::install_pkg][INFO] Creating file: "yuzu-windows-msvc/plugins/imageformats/qjpeg.dll"
[14:26:34][liftinstall::tasks::install_pkg][INFO] Creating dir: "yuzu-windows-msvc/plugins/platforms"
[14:26:34][liftinstall::tasks::install_pkg][INFO] Creating file: "yuzu-windows-msvc/plugins/platforms/qwindows.dll"
[14:26:34][liftinstall::tasks::install_pkg][INFO] Creating dir: "yuzu-windows-msvc/plugins/styles"
[14:26:34][liftinstall::tasks::install_pkg][INFO] Creating file: "yuzu-windows-msvc/plugins/styles/qwindowsvistastyle.dll"
[14:26:34][liftinstall::tasks::install_pkg][INFO] Creating file: "yuzu-windows-msvc/qt.conf"
[14:26:34][liftinstall::tasks::install_pkg][INFO] Creating file: "yuzu-windows-msvc/Qt5Core.dll"
[14:26:34][liftinstall::tasks::install_pkg][INFO] Creating file: "yuzu-windows-msvc/Qt5Gui.dll"
[14:26:34][liftinstall::tasks::install_pkg][INFO] Creating file: "yuzu-windows-msvc/Qt5Network.dll"
[14:26:35][liftinstall::tasks::install_pkg][INFO] Creating file: "yuzu-windows-msvc/Qt5Positioning.dll"
[14:26:35][liftinstall::tasks::install_pkg][INFO] Creating file: "yuzu-windows-msvc/Qt5PrintSupport.dll"
[14:26:35][liftinstall::tasks::install_pkg][INFO] Creating file: "yuzu-windows-msvc/Qt5Qml.dll"
[14:26:35][liftinstall::tasks::install_pkg][INFO] Creating file: "yuzu-windows-msvc/Qt5QmlModels.dll"
[14:26:35][liftinstall::tasks::install_pkg][INFO] Creating file: "yuzu-windows-msvc/Qt5Quick.dll"
[14:26:35][liftinstall::tasks::install_pkg][INFO] Creating file: "yuzu-windows-msvc/Qt5QuickWidgets.dll"
[14:26:35][liftinstall::tasks::install_pkg][INFO] Creating file: "yuzu-windows-msvc/Qt5WebChannel.dll"
[14:26:35][liftinstall::tasks::install_pkg][INFO] Creating file: "yuzu-windows-msvc/Qt5WebEngine.dll"
[14:26:35][liftinstall::tasks::install_pkg][INFO] Creating file: "yuzu-windows-msvc/Qt5WebEngineCore.dll"
[14:26:35][liftinstall::tasks::install_pkg][INFO] Creating file: "yuzu-windows-msvc/Qt5WebEngineWidgets.dll"
[14:26:35][liftinstall::tasks::install_pkg][INFO] Creating file: "yuzu-windows-msvc/Qt5Widgets.dll"
[14:26:35][liftinstall::tasks::install_pkg][INFO] Creating file: "yuzu-windows-msvc/QtWebEngineProcess.exe"
[14:26:35][liftinstall::tasks::install_pkg][INFO] Creating file: "yuzu-windows-msvc/qtwebengine_devtools_resources.pak"
[14:26:35][liftinstall::tasks::install_pkg][INFO] Creating file: "yuzu-windows-msvc/qtwebengine_resources.pak"
[14:26:35][liftinstall::tasks::install_pkg][INFO] Creating file: "yuzu-windows-msvc/qtwebengine_resources_100p.pak"
[14:26:35][liftinstall::tasks::install_pkg][INFO] Creating file: "yuzu-windows-msvc/qtwebengine_resources_200p.pak"
[14:26:35][liftinstall::tasks::install_pkg][INFO] Creating file: "yuzu-windows-msvc/SDL2.dll"
[14:26:35][liftinstall::tasks::install_pkg][INFO] Creating file: "yuzu-windows-msvc/swscale-5.dll"
[14:26:35][liftinstall::tasks::install_pkg][INFO] Creating file: "yuzu-windows-msvc/yuzu-cmd.exe"
[14:26:35][liftinstall::tasks::install_pkg][INFO] Creating file: "yuzu-windows-msvc/yuzu-windows-msvc-source-20220620-fb371c816.tar.xz"
[14:26:35][liftinstall::tasks::install_pkg][INFO] Creating file: "yuzu-windows-msvc/yuzu.exe"
[14:26:36][liftinstall::native::natives][INFO] Generating shortcut @ "C:\\Users\\Jose\\AppData\\Roaming\\Microsoft\\Windows\\Start Menu\\Programs\\yuzu.lnk"
[14:26:46][liftinstall::frontend::js][INFO] Making HTTP request to /api/exit
[14:26:46][liftinstall::installer][INFO] Shutting down installer framework...
